C:\LIBNY\PACMAN\DEBUG\MAIN.OBJ
C:\LIBNY\PACMAN\DEBUG\VC100.PDB
C:\LIBNY\PACMAN\DEBUG\PACMAN.EXE
C:\LIBNY\PACMAN\DEBUG\PACMAN.EXE.INTERMEDIATE.MANIFEST
C:\LIBNY\PACMAN\DEBUG\PACMAN.PDB
C:\Libny\Pacman\Debug\main.obj
C:\Libny\Pacman\Debug\cl.command.1.tlog
C:\Libny\Pacman\Debug\CL.read.1.tlog
C:\Libny\Pacman\Debug\CL.write.1.tlog
C:\Libny\Pacman\Debug\link.command.1.tlog
C:\Libny\Pacman\Debug\link.read.1.tlog
C:\Libny\Pacman\Debug\link.write.1.tlog
C:\Libny\Pacman\Debug\mt.command.1.tlog
C:\Libny\Pacman\Debug\mt.read.1.tlog
C:\Libny\Pacman\Debug\mt.write.1.tlog
C:\Libny\Pacman\Debug\Pacman.exe.intermediate.manifest
C:\Libny\Pacman\Debug\vc100.idb
C:\Libny\Pacman\Debug\Pacman.pdb
C:\Libny\Pacman\Debug\vc100.pdb
C:\Libny\Pacman\Debug\Pacman.exe
